{
  "RSpec": {
    "coverage": {
      "/Users/felixwillborg/legacy_code_june_2020/app/models/user.rb": [
        1,
        null,
        null,
        1,
        null,
        null,
        1,
        1,
        1,
        null,
        1,
        null,
        1,
        0,
        null,
        null,
        1,
        0,
        null,
        null
      ],
      "/Users/felixwillborg/legacy_code_june_2020/app/models/application_record.rb": [
        1,
        1,
        null
      ],
      "/Users/felixwillborg/legacy_code_june_2020/app/helpers/application_helper.rb": [
        1,
        1,
        4,
        1,
        0,
        1,
        0,
        null,
        null,
        1,
        15,
        null,
        null
      ],
      "/Users/felixwillborg/legacy_code_june_2020/app/helpers/mailbox_helper.rb": [
        1,
        1,
        null,
        null,
        5,
        null,
        null
      ],
      "/Users/felixwillborg/legacy_code_june_2020/app/controllers/application_controller.rb": [
        1,
        null,
        null,
        1,
        null,
        1,
        null,
        1,
        null,
        1,
        null,
        1,
        8,
        null,
        null,
        1,
        10,
        null,
        null,
        1,
        null,
        1,
        9,
        null,
        null
      ],
      "/Users/felixwillborg/legacy_code_june_2020/app/controllers/welcome_controller.rb": [
        1,
        1,
        null,
        null
      ],
      "/Users/felixwillborg/legacy_code_june_2020/app/controllers/conversations_controller.rb": [
        1,
        1,
        null,
        1,
        null,
        null,
        1,
        2,
        2,
        2,
        2,
        null,
        null,
        1,
        2,
        null,
        2,
        null,
        null,
        1,
        0,
        0,
        0,
        null,
        null,
        1,
        0,
        0,
        null,
        null,
        1,
        0,
        0,
        null,
        null,
        1,
        null,
        1,
        6,
        null,
        null,
        1,
        0,
        null,
        null,
        null
      ],
      "/Users/felixwillborg/legacy_code_june_2020/app/controllers/mailbox_controller.rb": [
        1,
        1,
        null,
        1,
        0,
        0,
        null,
        null,
        1,
        1,
        1,
        null,
        null,
        1,
        0,
        0,
        null,
        null
      ]
    },
    "timestamp": 1593276812
  }
}
